[    0.000000] Linux version 4.15.0-54-generic (buildd@lgw01-amd64-014) (gcc version 7.4.0 (Ubuntu 7.4.0-1ubuntu1~18.04.1)) #58-Ubuntu SMP Mon Jun 24 10:55:24 UTC 2019 (Ubuntu 4.15.0-54.58-generic 4.15.18)
[    0.000000] Command line: BOOT_IMAGE=/boot/vmlinuz-4.15.0-54-generic root=LABEL=cloudimg-rootfs ro console=tty1 console=ttyS0
[    0.000000] KERNEL supported cpus:
[    0.000000]   Intel GenuineIntel
[    0.000000]   AMD AuthenticAMD
[    0.000000]   Centaur CentaurHauls
[    0.000000] x86/fpu: Supporting XSAVE feature 0x001: 'x87 floating point registers'
[    0.000000] x86/fpu: Supporting XSAVE feature 0x002: 'SSE registers'
[    0.000000] x86/fpu: Supporting XSAVE feature 0x004: 'AVX registers'
[    0.000000] x86/fpu: xstate_offset[2]:  576, xstate_sizes[2]:  256
[    0.000000] x86/fpu: Enabled xstate features 0x7, context size is 832 bytes, using 'standard' format.
[    0.000000] e820: BIOS-provided physical RAM map:
[    0.000000] BIOS-e820: [mem 0x0000000000000000-0x000000000009fbff] usable
[    0.000000] BIOS-e820: [mem 0x000000000009fc00-0x000000000009ffff] reserved
[    0.000000] BIOS-e820: [mem 0x00000000000f0000-0x00000000000fffff] reserved
[    0.000000] BIOS-e820: [mem 0x0000000000100000-0x00000000dffeffff] usable
[    0.000000] BIOS-e820: [mem 0x00000000dfff0000-0x00000000dfffffff] ACPI data
[    0.000000] BIOS-e820: [mem 0x00000000fec00000-0x00000000fec00fff] reserved
[    0.000000] BIOS-e820: [mem 0x00000000fee00000-0x00000000fee00fff] reserved
[    0.000000] BIOS-e820: [mem 0x00000000fffc0000-0x00000000ffffffff] reserved
[    0.000000] BIOS-e820: [mem 0x0000000100000000-0x000000019fffffff] usable
[    0.000000] NX (Execute Disable) protection: active
[    0.000000] SMBIOS 2.5 present.
[    0.000000] DMI: innotek GmbH VirtualBox/VirtualBox, BIOS VirtualBox 12/01/2006
[    0.000000] Hypervisor detected: KVM
[    0.000000] e820: last_pfn = 0x1a0000 max_arch_pfn = 0x400000000
[    0.000000] MTRR: Disabled
[    0.000000] x86/PAT: MTRRs disabled, skipping PAT initialization too.
[    0.000000] CPU MTRRs all blank - virtualized system.
[    0.000000] x86/PAT: Configuration [0-7]: WB  WT  UC- UC  WB  WT  UC- UC  
[    0.000000] e820: last_pfn = 0xdfff0 max_arch_pfn = 0x400000000
[    0.000000] found SMP MP-table at [mem 0x0009fff0-0x0009ffff] mapped at [        (ptrval)]
[    0.000000] Scanning 1 areas for low memory corruption
[    0.000000] RAMDISK: [mem 0x35a93000-0x36d40fff]
[    0.000000] ACPI: Early table checksum verification disabled
[    0.000000] ACPI: RSDP 0x00000000000E0000 000024 (v02 VBOX  )
[    0.000000] ACPI: XSDT 0x00000000DFFF0030 00003C (v01 VBOX   VBOXXSDT 00000001 ASL  00000061)
[    0.000000] ACPI: FACP 0x00000000DFFF00F0 0000F4 (v04 VBOX   VBOXFACP 00000001 ASL  00000061)
[    0.000000] ACPI: DSDT 0x00000000DFFF0470 0022EA (v02 VBOX   VBOXBIOS 00000002 INTL 20100528)
[    0.000000] ACPI: FACS 0x00000000DFFF0200 000040
[    0.000000] ACPI: FACS 0x00000000DFFF0200 000040
[    0.000000] ACPI: APIC 0x00000000DFFF0240 00005C (v02 VBOX   VBOXAPIC 00000001 ASL  00000061)
[    0.000000] ACPI: SSDT 0x00000000DFFF02A0 0001CC (v01 VBOX   VBOXCPUT 00000002 INTL 20100528)
[    0.000000] No NUMA configuration found
[    0.000000] Faking a node at [mem 0x0000000000000000-0x000000019fffffff]
[    0.000000] NODE_DATA(0) allocated [mem 0x19ffd1000-0x19fffbfff]
[    0.000000] kvm-clock: cpu 0, msr 1:9ff50001, primary cpu clock
[    0.000000] kvm-clock: Using msrs 4b564d01 and 4b564d00
[    0.000000] kvm-clock: using sched offset of 3947524538 cycles
[    0.000000] clocksource: kvm-clock: mask: 0xffffffffffffffff max_cycles: 0x1cd42e4dffb, max_idle_ns: 881590591483 ns
[    0.000000] Zone ranges:
[    0.000000]   DMA      [mem 0x0000000000001000-0x0000000000ffffff]
[    0.000000]   DMA32    [mem 0x0000000001000000-0x00000000ffffffff]
[    0.000000]   Normal   [mem 0x0000000100000000-0x000000019fffffff]
[    0.000000]   Device   empty
[    0.000000] Movable zone start for each node
[    0.000000] Early memory node ranges
[    0.000000]   node   0: [mem 0x0000000000001000-0x000000000009efff]
[    0.000000]   node   0: [mem 0x0000000000100000-0x00000000dffeffff]
[    0.000000]   node   0: [mem 0x0000000100000000-0x000000019fffffff]
[    0.000000] Reserved but unavailable: 114 pages
[    0.000000] Initmem setup node 0 [mem 0x0000000000001000-0x000000019fffffff]
[    0.000000] ACPI: PM-Timer IO Port: 0x4008
[    0.000000] IOAPIC[0]: apic_id 2, version 32, address 0xfec00000, GSI 0-23
[    0.000000] ACPI: INT_SRC_OVR (bus 0 bus_irq 0 global_irq 2 dfl dfl)
[    0.000000] ACPI: INT_SRC_OVR (bus 0 bus_irq 9 global_irq 9 low level)
[    0.000000] Using ACPI (MADT) for SMP configuration information
[    0.000000] smpboot: Allowing 2 CPUs, 0 hotplug CPUs
[    0.000000] PM: Registered nosave memory: [mem 0x00000000-0x00000fff]
[    0.000000] PM: Registered nosave memory: [mem 0x0009f000-0x0009ffff]
[    0.000000] PM: Registered nosave memory: [mem 0x000a0000-0x000effff]
[    0.000000] PM: Registered nosave memory: [mem 0x000f0000-0x000fffff]
[    0.000000] PM: Registered nosave memory: [mem 0xdfff0000-0xdfffffff]
[    0.000000] PM: Registered nosave memory: [mem 0xe0000000-0xfebfffff]
[    0.000000] PM: Registered nosave memory: [mem 0xfec00000-0xfec00fff]
[    0.000000] PM: Registered nosave memory: [mem 0xfec01000-0xfedfffff]
[    0.000000] PM: Registered nosave memory: [mem 0xfee00000-0xfee00fff]
[    0.000000] PM: Registered nosave memory: [mem 0xfee01000-0xfffbffff]
[    0.000000] PM: Registered nosave memory: [mem 0xfffc0000-0xffffffff]
[    0.000000] e820: [mem 0xe0000000-0xfebfffff] available for PCI devices
[    0.000000] Booting paravirtualized kernel on KVM
[    0.000000] clocksource: refined-jiffies: mask: 0xffffffff max_cycles: 0xffffffff, max_idle_ns: 7645519600211568 ns
[    0.000000] random: get_random_bytes called from start_kernel+0x99/0x4fd with crng_init=0
[    0.000000] setup_percpu: NR_CPUS:8192 nr_cpumask_bits:2 nr_cpu_ids:2 nr_node_ids:1
[    0.000000] percpu: Embedded 46 pages/cpu @        (ptrval) s151552 r8192 d28672 u1048576
[    0.000000] PV qspinlock hash table entries: 256 (order: 0, 4096 bytes)
[    0.000000] Built 1 zonelists, mobility grouping on.  Total pages: 1548153
[    0.000000] Policy zone: Normal
[    0.000000] Kernel command line: BOOT_IMAGE=/boot/vmlinuz-4.15.0-54-generic root=LABEL=cloudimg-rootfs ro console=tty1 console=ttyS0
[    0.000000] Memory: 6078448K/6291000K available (12300K kernel code, 2473K rwdata, 4272K rodata, 2408K init, 2416K bss, 212552K reserved, 0K cma-reserved)
[    0.000000] SLUB: HWalign=64, Order=0-3, MinObjects=0, CPUs=2, Nodes=1
[    0.000000] Kernel/User page tables isolation: enabled
[    0.000000] ftrace: allocating 39216 entries in 154 pages
[    0.004000] Hierarchical RCU implementation.
[    0.004000] 	RCU restricting CPUs from NR_CPUS=8192 to nr_cpu_ids=2.
[    0.004000] 	Tasks RCU enabled.
[    0.004000] RCU: Adjusting geometry for rcu_fanout_leaf=16, nr_cpu_ids=2
[    0.004000] NR_IRQS: 524544, nr_irqs: 440, preallocated irqs: 16
[    0.004000] Console: colour VGA+ 80x25
[    0.004000] console [tty1] enabled
[    0.004000] console [ttyS0] enabled
[    0.004000] ACPI: Core revision 20170831
[    0.004000] ACPI: 2 ACPI AML tables successfully acquired and loaded
[    0.004000] APIC: Switch to symmetric I/O mode setup
[    0.004000] x2apic enabled
[    0.004000] Switched APIC routing to physical x2apic.
[    0.007371] ..TIMER: vector=0x30 apic1=0 pin1=2 apic2=-1 pin2=-1
[    0.008002] tsc: Detected 3997.682 MHz processor
[    0.009085] Calibrating delay loop (skipped) preset value.. 7995.36 BogoMIPS (lpj=15990728)
[    0.009923] pid_max: default: 32768 minimum: 301
[    0.012049] Security Framework initialized
[    0.013022] Yama: becoming mindful.
[    0.013907] AppArmor: AppArmor initialized
[    0.036240] Dentry cache hash table entries: 1048576 (order: 11, 8388608 bytes)
[    0.048208] Inode-cache hash table entries: 524288 (order: 10, 4194304 bytes)
[    0.052034] Mount-cache hash table entries: 16384 (order: 5, 131072 bytes)
[    0.053654] Mountpoint-cache hash table entries: 16384 (order: 5, 131072 bytes)
[    0.056113] mce: CPU supports 0 MCE banks
[    0.057160] Last level iTLB entries: 4KB 1024, 2MB 1024, 4MB 1024
[    0.058655] Last level dTLB entries: 4KB 1024, 2MB 1024, 4MB 1024, 1GB 4
[    0.060003] Spectre V2 : Mitigation: Full generic retpoline
[    0.061625] Spectre V2 : Spectre v2 / SpectreRSB mitigation: Filling RSB on context switch
[    0.064002] Speculative Store Bypass: Vulnerable
[    0.065417] MDS: Vulnerable: Clear CPU buffers attempted, no microcode
[    0.067349] Freeing SMP alternatives memory: 36K
[    0.072000] smpboot: CPU0: Intel(R) Core(TM) i7-4790K CPU @ 4.00GHz (family: 0x6, model: 0x3c, stepping: 0x3)
[    0.072000] Performance Events: unsupported p6 CPU model 60 no PMU driver, software events only.
[    0.072038] Hierarchical SRCU implementation.
[    0.073663] NMI watchdog: Perf event create on CPU 0 failed with -2
[    0.075054] NMI watchdog: Perf NMI watchdog permanently disabled
[    0.080059] smp: Bringing up secondary CPUs ...
[    0.081240] x86: Booting SMP configuration:
[    0.084002] .... node  #0, CPUs:      #1
[    0.004000] kvm-clock: cpu 1, msr 1:9ff50041, secondary cpu clock
[    0.004000] mce: CPU supports 0 MCE banks
[    0.088023] smp: Brought up 1 node, 2 CPUs
[    0.088989] smpboot: Max logical packages: 1
[    0.092005] smpboot: Total of 2 processors activated (15990.72 BogoMIPS)
[    0.093674] devtmpfs: initialized
[    0.093674] x86/mm: Memory block size: 128MB
[    0.096099] evm: security.selinux
[    0.096937] evm: security.SMACK64
[    0.097781] evm: security.SMACK64EXEC
[    0.098685] evm: security.SMACK64TRANSMUTE
[    0.100002] evm: security.SMACK64MMAP
[    0.100900] evm: security.apparmor
[    0.101748] evm: security.ima
[    0.102522] evm: security.capability
[    0.103431] clocksource: jiffies: mask: 0xffffffff max_cycles: 0xffffffff, max_idle_ns: 7645041785100000 ns
[    0.104012] futex hash table entries: 512 (order: 3, 32768 bytes)
[    0.105450] pinctrl core: initialized pinctrl subsystem
[    0.108134] RTC time:  6:40:29, date: 07/16/19
[    0.109336] NET: Registered protocol family 16
[    0.110560] audit: initializing netlink subsys (disabled)
[    0.112019] audit: type=2000 audit(1563259235.188:1): state=initialized audit_enabled=0 res=1
[    0.114107] cpuidle: using governor ladder
[    0.114107] cpuidle: using governor menu
[    0.116112] ACPI: bus type PCI registered
[    0.117166] acpiphp: ACPI Hot Plug PCI Controller Driver version: 0.5
[    0.118873] PCI: Using configuration type 1 for base access
[    0.124037] HugeTLB registered 2.00 MiB page size, pre-allocated 0 pages
[    0.125873] ACPI: Added _OSI(Module Device)
[    0.125873] ACPI: Added _OSI(Processor Device)
[    0.128003] ACPI: Added _OSI(3.0 _SCP Extensions)
[    0.129224] ACPI: Added _OSI(Processor Aggregator Device)
[    0.130590] ACPI: Added _OSI(Linux-Dell-Video)
[    0.131715] ACPI: Added _OSI(Linux-Lenovo-NV-HDMI-Audio)
[    0.132002] ACPI: Added _OSI(Linux-HPI-Hybrid-Graphics)
[    0.133705] ACPI: Executed 1 blocks of module-level executable AML code
[    0.146347] ACPI: Interpreter enabled
[    0.147329] ACPI: (supports S0 S5)
[    0.148002] ACPI: Using IOAPIC for interrupt routing
[    0.149871] PCI: Using host bridge windows from ACPI; if necessary, use "pci=nocrs" and report a bug
[    0.152000] ACPI: Enabled 2 GPEs in block 00 to 07
[    0.168218] ACPI: PCI Root Bridge [PCI0] (domain 0000 [bus 00-ff])
[    0.169682] acpi PNP0A03:00: _OSC: OS supports [ASPM ClockPM Segments MSI]
[    0.172077] acpi PNP0A03:00: _OSC: not requesting OS control; OS requires [ExtendedConfig ASPM ClockPM MSI]
[    0.174567] acpi PNP0A03:00: fail to add MMCONFIG information, can't access extended PCI configuration space under this bridge.
[    0.180189] PCI host bridge to bus 0000:00
[    0.181344] pci_bus 0000:00: root bus resource [io  0x0000-0x0cf7 window]
[    0.183089] pci_bus 0000:00: root bus resource [io  0x0d00-0xffff window]
[    0.184003] pci_bus 0000:00: root bus resource [mem 0x000a0000-0x000bffff window]
[    0.186223] pci_bus 0000:00: root bus resource [mem 0xe0000000-0xfdffffff window]
[    0.188000] pci_bus 0000:00: root bus resource [bus 00-ff]
[    0.193073] pci 0000:00:01.1: legacy IDE quirk: reg 0x10: [io  0x01f0-0x01f7]
[    0.194896] pci 0000:00:01.1: legacy IDE quirk: reg 0x14: [io  0x03f6]
[    0.196003] pci 0000:00:01.1: legacy IDE quirk: reg 0x18: [io  0x0170-0x0177]
[    0.197671] pci 0000:00:01.1: legacy IDE quirk: reg 0x1c: [io  0x0376]
[    0.270117] pci 0000:00:07.0: quirk: [io  0x4000-0x403f] claimed by PIIX4 ACPI
[    0.271945] pci 0000:00:07.0: quirk: [io  0x4100-0x410f] claimed by PIIX4 SMB
[    0.314919] ACPI: PCI Interrupt Link [LNKA] (IRQs 5 9 10 *11)
[    0.316218] ACPI: PCI Interrupt Link [LNKB] (IRQs 5 9 *10 11)
[    0.317848] ACPI: PCI Interrupt Link [LNKC] (IRQs 5 *9 10 11)
[    0.320178] ACPI: PCI Interrupt Link [LNKD] (IRQs 5 9 10 *11)
[    0.321888] SCSI subsystem initialized
[    0.324042] pci 0000:00:02.0: vgaarb: setting as boot VGA device
[    0.325423] pci 0000:00:02.0: vgaarb: VGA device added: decodes=io+mem,owns=io+mem,locks=none
[    0.328004] pci 0000:00:02.0: vgaarb: bridge control possible
[    0.329248] vgaarb: loaded
[    0.332027] ACPI: bus type USB registered
[    0.332970] usbcore: registered new interface driver usbfs
[    0.334241] usbcore: registered new interface driver hub
[    0.335415] usbcore: registered new device driver usb
[    0.336061] EDAC MC: Ver: 3.0.0
[    0.337074] PCI: Using ACPI for IRQ routing
[    0.337308] NetLabel: Initializing
[    0.340002] NetLabel:  domain hash size = 128
[    0.340985] NetLabel:  protocols = UNLABELED CIPSOv4 CALIPSO
[    0.342281] NetLabel:  unlabeled traffic allowed by default
[    0.344278] clocksource: Switched to clocksource kvm-clock
[    0.377842] VFS: Disk quotas dquot_6.6.0
[    0.378920] VFS: Dquot-cache hash table entries: 512 (order 0, 4096 bytes)
[    0.380605] AppArmor: AppArmor Filesystem Enabled
[    0.381853] pnp: PnP ACPI init
[    0.384499] pnp: PnP ACPI: found 3 devices
[    0.394130] clocksource: acpi_pm: mask: 0xffffff max_cycles: 0xffffff, max_idle_ns: 2085701024 ns
[    0.396392] NET: Registered protocol family 2
[    0.397781] TCP established hash table entries: 65536 (order: 7, 524288 bytes)
[    0.399900] TCP bind hash table entries: 65536 (order: 8, 1048576 bytes)
[    0.405386] TCP: Hash tables configured (established 65536 bind 65536)
[    0.407048] UDP hash table entries: 4096 (order: 5, 131072 bytes)
[    0.408506] UDP-Lite hash table entries: 4096 (order: 5, 131072 bytes)
[    0.410106] NET: Registered protocol family 1
[    0.411240] pci 0000:00:00.0: Limiting direct PCI/PCI transfers
[    0.412727] pci 0000:00:01.0: Activating ISA DMA hang workarounds
[    0.414244] pci 0000:00:02.0: Video device with shadowed ROM at [mem 0x000c0000-0x000dffff]
[    0.416401] Unpacking initramfs...
[    0.957002] Freeing initrd memory: 19128K
[    0.958060] PCI-DMA: Using software bounce buffering for IO (SWIOTLB)
[    0.959628] software IO TLB [mem 0xdbff0000-0xdfff0000] (64MB) mapped at [        (ptrval)-        (ptrval)]
[    0.962123] clocksource: tsc: mask: 0xffffffffffffffff max_cycles: 0x733f9e9e4e4, max_idle_ns: 881590812519 ns
[    0.964654] platform rtc_cmos: registered platform RTC device (no PNP device found)
[    0.966578] Scanning for low memory corruption every 60 seconds
[    0.968794] Initialise system trusted keyrings
[    0.969903] Key type blacklist registered
[    0.971012] workingset: timestamp_bits=36 max_order=21 bucket_order=0
[    0.975200] zbud: loaded
[    0.976678] squashfs: version 4.0 (2009/01/31) Phillip Lougher
[    0.978332] fuse init (API version 7.26)
[    0.987964] Key type asymmetric registered
[    0.988974] Asymmetric key parser 'x509' registered
[    0.990114] Block layer SCSI generic (bsg) driver version 0.4 loaded (major 246)
[    0.991975] io scheduler noop registered
[    0.993116] io scheduler deadline registered
[    0.994196] io scheduler cfq registered (default)
[    0.995659] ACPI: AC Adapter [AC] (on-line)
[    0.997043] input: Power Button as /devices/LNXSYSTM:00/LNXPWRBN:00/input/input0
[    0.998893] ACPI: Power Button [PWRF]
[    0.999871] input: Sleep Button as /devices/LNXSYSTM:00/LNXSLPBN:00/input/input1
[    1.001627] ACPI: Sleep Button [SLPF]
[    1.002875] Serial: 8250/16550 driver, 32 ports, IRQ sharing enabled
[    1.025285] 00:02: ttyS0 at I/O 0x3f8 (irq = 4, base_baud = 115200) is a 16550A
[    1.030615] Linux agpgart interface v0.103
[    1.033913] loop: module loaded
[    1.035387] scsi host0: ata_piix
[    1.036334] scsi host1: ata_piix
[    1.037208] ata1: PATA max UDMA/33 cmd 0x1f0 ctl 0x3f6 bmdma 0xd000 irq 14
[    1.038668] ata2: PATA max UDMA/33 cmd 0x170 ctl 0x376 bmdma 0xd008 irq 15
[    1.040265] libphy: Fixed MDIO Bus: probed
[    1.041344] tun: Universal TUN/TAP device driver, 1.6
[    1.042590] PPP generic driver version 2.4.2
[    1.043685] ehci_hcd: USB 2.0 'Enhanced' Host Controller (EHCI) Driver
[    1.045133] ehci-pci: EHCI PCI platform driver
[    1.046146] ehci-platform: EHCI generic platform driver
[    1.047345] ohci_hcd: USB 1.1 'Open' Host Controller (OHCI) Driver
[    1.048727] ohci-pci: OHCI PCI platform driver
[    1.049737] ohci-platform: OHCI generic platform driver
[    1.050928] uhci_hcd: USB Universal Host Controller Interface driver
[    1.052417] i8042: PNP: PS/2 Controller [PNP0303:PS2K,PNP0f03:PS2M] at 0x60,0x64 irq 1,12
[    1.054841] serio: i8042 KBD port at 0x60,0x64 irq 1
[    1.055976] serio: i8042 AUX port at 0x60,0x64 irq 12
[    1.057452] mousedev: PS/2 mouse device common for all mice
[    1.065566] input: AT Translated Set 2 keyboard as /devices/platform/i8042/serio0/input/input2
[    1.067789] rtc_cmos rtc_cmos: rtc core: registered rtc_cmos as rtc0
[    1.069573] rtc_cmos rtc_cmos: alarms up to one day, 114 bytes nvram
[    1.071114] i2c /dev entries driver
[    1.072134] device-mapper: uevent: version 1.0.3
[    1.073476] device-mapper: ioctl: 4.37.0-ioctl (2017-09-20) initialised: dm-devel@redhat.com
[    1.075663] ledtrig-cpu: registered to indicate activity on CPUs
[    1.077771] NET: Registered protocol family 10
[    1.082303] Segment Routing with IPv6
[    1.083300] NET: Registered protocol family 17
[    1.084559] Key type dns_resolver registered
[    1.085892] RAS: Correctable Errors collector initialized.
[    1.087203] sched_clock: Marking stable (1085813425, 0)->(1810566280, -724752855)
[    1.089638] registered taskstats version 1
[    1.090686] Loading compiled-in X.509 certificates
[    1.094107] Loaded X.509 cert 'Build time autogenerated kernel key: 1cc14bc8298a06d551159822c55fa35abd77a621'
[    1.096336] zswap: loaded using pool lzo/zbud
[    1.100305] Key type big_key registered
[    1.101239] Key type trusted registered
[    1.103239] Key type encrypted registered
[    1.104184] AppArmor: AppArmor sha1 policy hashing enabled
[    1.105472] ima: No TPM chip found, activating TPM-bypass! (rc=-19)
[    1.106872] ima: Allocated hash algorithm: sha1
[    1.107897] evm: HMAC attrs: 0x1
[    1.109022]   Magic number: 11:973:670
[    1.109982] rtc_cmos rtc_cmos: setting system clock to 2019-07-16 06:40:30 UTC (1563259230)
[    1.111996] BIOS EDD facility v0.16 2004-Jun-25, 0 devices found
[    1.113353] EDD information not available.
[    1.208224] Freeing unused kernel image memory: 2408K
[    1.212581] Write protecting the kernel read-only data: 20480k
[    1.215194] Freeing unused kernel image memory: 2008K
[    1.216823] Freeing unused kernel image memory: 1872K
[    1.243557] x86/mm: Checked W+X mappings: passed, no W+X pages found.
[    1.245093] x86/mm: Checking user space page tables
[    1.272026] x86/mm: Checked W+X mappings: passed, no W+X pages found.
Loading, please wait...
starting version 237
[    1.419439] e1000: Intel(R) PRO/1000 Network Driver - version 7.3.21-k8-NAPI
[    1.421031] e1000: Copyright (c) 1999-2006 Intel Corporation.
[    1.425887] AVX2 version of gcm_enc/dec engaged.
[    1.427065] AES CTR mode by8 optimization enabled
[    1.432841] Fusion MPT base driver 3.04.20
[    1.434035] Copyright (c) 1999-2008 LSI Corporation
[    1.461429] Fusion MPT SPI Host driver 3.04.20
[    1.618651] input: ImExPS/2 Generic Explorer Mouse as /devices/platform/i8042/serio1/input/input4
[    1.856013] e1000 0000:00:03.0 eth0: (PCI:33MHz:32-bit) 02:26:45:5c:bc:af
[    1.857736] e1000 0000:00:03.0 eth0: Intel(R) PRO/1000 Network Connection
[    1.861078] mptbase: ioc0: Initiating bringup
[    1.956634] ioc0: LSI53C1030 A0: Capabilities={Initiator}
[    2.210829] scsi host2: ioc0: LSI53C1030 A0, FwRev=00000000h, Ports=1, MaxQ=256, IRQ=20
[    2.380699] scsi 2:0:0:0: Direct-Access     VBOX     HARDDISK         1.0  PQ: 0 ANSI: 5
[    2.416619] scsi target2:0:0: Beginning Domain Validation
[    2.419715] scsi target2:0:0: Domain Validation skipping write tests
[    2.421181] scsi target2:0:0: Ending Domain Validation
[    2.422486] scsi target2:0:0: asynchronous
[    2.424136] scsi 2:0:1:0: Direct-Access     VBOX     HARDDISK         1.0  PQ: 0 ANSI: 5
[    2.756266] scsi target2:0:1: Beginning Domain Validation
[    2.758455] random: fast init done
[    2.760415] scsi target2:0:1: Domain Validation skipping write tests
[    2.762040] scsi target2:0:1: Ending Domain Validation
[    2.763530] scsi target2:0:1: asynchronous
[    2.770424] random: systemd-udevd: uninitialized urandom read (16 bytes read)
[    2.772069] sd 2:0:0:0: Attached scsi generic sg0 type 0
[    2.772230] random: systemd-udevd: uninitialized urandom read (16 bytes read)
[    2.772252] random: systemd-udevd: uninitialized urandom read (16 bytes read)
[    2.772295] sd 2:0:0:0: [sda] 62914560 512-byte logical blocks: (32.2 GB/30.0 GiB)
[    2.772356] sd 2:0:0:0: [sda] Write Protect is off
[    2.772477] sd 2:0:0:0: [sda] Incomplete mode parameter data
[    2.772479] sd 2:0:0:0: [sda] Assuming drive cache: write through
[    2.773408]  sda: sda1
[    2.774046] sd 2:0:0:0: [sda] Attached SCSI disk
[    2.792078] sd 2:0:1:0: Attached scsi generic sg1 type 0
[    2.792255] sd 2:0:1:0: [sdb] 20480 512-byte logical blocks: (10.5 MB/10.0 MiB)
[    2.792314] sd 2:0:1:0: [sdb] Write Protect is off
[    2.792418] sd 2:0:1:0: [sdb] Incomplete mode parameter data
[    2.792420] sd 2:0:1:0: [sdb] Assuming drive cache: write through
[    2.794369] sd 2:0:1:0: [sdb] Attached SCSI disk
[    2.803002] e1000 0000:00:08.0 eth1: (PCI:33MHz:32-bit) 08:00:27:b6:68:84
[    2.804615] e1000 0000:00:08.0 eth1: Intel(R) PRO/1000 Network Connection
[    2.807880] e1000 0000:00:03.0 enp0s3: renamed from eth0
[    2.825014] e1000 0000:00:08.0 enp0s8: renamed from eth1
Begin: Loading essential drivers ... [    4.724049] raid6: sse2x1   gen()  3594 MB/s
[    4.772082] raid6: sse2x1   xor()  2389 MB/s
[    4.820404] raid6: sse2x2   gen()  8318 MB/s
[    4.868750] raid6: sse2x2   xor()  3883 MB/s
[    4.916100] raid6: sse2x4   gen()  9061 MB/s
[    4.964384] raid6: sse2x4   xor()  5397 MB/s
[    5.012055] raid6: avx2x1   gen()  7272 MB/s
[    5.060534] raid6: avx2x1   xor()  4042 MB/s
[    5.108320] raid6: avx2x2   gen() 13222 MB/s
[    5.156135] raid6: avx2x2   xor()  7675 MB/s
[    5.204468] raid6: avx2x4   gen() 18938 MB/s
[    5.252290] raid6: avx2x4   xor() 10789 MB/s
[    5.253603] raid6: using algorithm avx2x4 gen() 18938 MB/s
[    5.255112] raid6: .... xor() 10789 MB/s, rmw enabled
[    5.256522] raid6: using avx2x2 recovery algorithm
[    5.259224] xor: automatically using best checksumming function   avx       
[    5.262390] async_tx: api initialized (async)
done.
Begin: Running /scripts/init-premount ... done.
Begin: Mounting root file system ... Begin: Running /scripts/local-top ... done.
Begin: Running /scripts/local-premount ... [    5.334032] Btrfs loaded, crc32c=crc32c-intel
Scanning for Btrfs filesystems
done.
Warning: fsck not present, so skipping root file system
[    5.360856] EXT4-fs (sda1): mounted filesystem with ordered data mode. Opts: (null)
done.
Begin: Running /scripts/local-bottom ... done.
Begin: Running /scripts/init-bottom ... done.
[    5.530705] ip_tables: (C) 2000-2006 Netfilter Core Team
[    5.539017] systemd[1]: systemd 237 running in system mode. (+PAM +AUDIT +SELINUX +IMA +APPARMOR +SMACK +SYSVINIT +UTMP +LIBCRYPTSETUP +GCRYPT +GNUTLS +ACL +XZ +LZ4 +SECCOMP +BLKID +ELFUTILS +KMOD -IDN2 +IDN -PCRE2 default-hierarchy=hybrid)
[    5.544085] systemd[1]: Detected virtualization oracle.
[    5.545359] systemd[1]: Detected architecture x86-64.

Welcome to [1mUbuntu 18.04.2 LTS[0m!

[    5.550935] systemd[1]: Set hostname to <ubuntu>.
[    5.554934] systemd[1]: Initializing machine ID from random generator.
[    5.556512] systemd[1]: Installed transient /etc/machine-id file.
[    5.818042] systemd[1]: Reached target Swap.
[[0;32m  OK  [0m] Reached target Swap.
[    5.819727] systemd[1]: Reached target User and Group Name Lookups.
[[0;32m  OK  [0m] Reached target User and Group Name Lookups.
[    5.823468] systemd[1]: Created slice User and Session Slice.
[[0;32m  OK  [0m] Created slice User and Session Slice.
[    5.826140] systemd[1]: Set up automount Arbitrary Executable File Formats File System Automount Point.
[[0;32m  OK  [0m] Set up automount Arbitrary Executab…rmats File System Automount Point.
[[0;32m  OK  [0m] Started Forward Password Requests to Wall Directory Watch.
[[0;32m  OK  [0m] Created slice System Slice.
[[0;32m  OK  [0m] Listening on udev Kernel Socket.
[[0;32m  OK  [0m] Listening on Journal Socket.
[[0;32m  OK  [0m] Listening on Device-mapper event daemon FIFOs.
         Starting Remount Root and Kernel File Systems...
         Starting Load Kernel Modules...
         Mounting POSIX Message Queue File System...
[[0;32m  OK  [0m] Listening on /dev/initctl Compatibility Named Pipe.
[[0;32m  OK  [0m] Reached target Slices.
[[0;32m  OK  [0m] Listening on Journal Audit Socket.
[[0;32m  OK  [0m] Listening on Syslog Socket.
         Starting Create list of required st…ce nodes for the current kernel...
         Mounting Huge Pages File System...
         Starting Set the console keyboard layout...
         Mounting Kernel Debug File System...
[[0;32m  OK  [0m] Listening on Network Service Netlink Socket.
[[0;32m  OK  [0m] Listening on udev Control Socket.
         Starting udev Coldplug all Devices...
[[0;32m  OK  [0m] Created slice system-serial\x2dgetty.slice.
[[0;32m  OK  [0m] Listening on Journal Socket (/dev/log).
         Starting Journal Service...
[[0;32m  OK  [0m] Reached target System Time Synchronized.
         Starting Uncomplicated firewall...
[[0;32m  OK  [0m] Listening on LVM2 metadata daemon socket.
         Starting Monitoring of LVM2 mirrors…ng dmeventd or progress polling...
[[0;32m  OK  [0m] Listening on LVM2 poll daemon socket.
[[0;32m  OK  [0m] Mounted POSIX Message Queue File System.
[[0;32m  OK  [0m] Started Create list of required sta…vice nodes for the current kernel.
[[0;32m  OK  [0m] Mounted Huge Pages File System.
[[0;32m  OK  [0m] Mounted Kernel Debug File System.
         Starting Create Static Device Nodes in /dev...
[    5.926782] Loading iSCSI transport class v2.0-870.
[    5.938801] EXT4-fs (sda1): re-mounted. Opts: (null)
[[0;32m  OK  [0m] Started Remount Root and Kernel File Systems.
         Starting Load/Save Random Seed...
[    5.993700] iscsi: registered transport (tcp)
[    6.012115] iscsi: registered transport (iser)
[[0;32m  OK  [0m] Started Load Kernel Modules.
[[0;32m  OK  [0m] Started Create Static Device Nodes in /dev.
[[0;32m  OK  [0m] Started LVM2 metadata daemon.
         Starting udev Kernel Device Manager...
         Mounting Kernel Configuration File System...
         Starting Apply Kernel Variables...
         Mounting FUSE Control File System...
[[0;32m  OK  [0m] Started Uncomplicated firewall.
[[0;32m  OK  [0m] Mounted Kernel Configuration File System.
[[0;32m  OK  [0m] Mounted FUSE Control File System.
[[0;32m  OK  [0m] Started Load/Save Random Seed.
[[0;32m  OK  [0m] Started Monitoring of LVM2 mirrors,…sing dmeventd or progress polling.
[[0;32m  OK  [0m] Started udev Coldplug all Devices.
[[0;32m  OK  [0m] Started Journal Service.
         Starting Flush Journal to Persistent Storage...
[[0;32m  OK  [0m] Started udev Kernel Device Manager.
[[0;32m  OK  [0m] Started Apply Kernel Variables.
[[0;32m  OK  [0m] Started Flush Journal to Persistent Storage.
[[0;32m  OK  [0m] Started Set the console keyboard layout.
[[0;32m  OK  [0m] Reached target Local File Systems (Pre).
[[0;32m  OK  [0m] Reached target Local File Systems.
         Starting AppArmor initialization...
         Starting ebtables ruleset management...
         Starting Create Volatile Files and Directories...
         Starting Set console font and keymap...
         Starting Tell Plymouth To Write Out Runtime Data...
         Starting Commit a transient machine-id on disk...
[[0;32m  OK  [0m] Started Dispatch Password Requests to Console Directory Watch.
[[0;32m  OK  [0m] Reached target Local Encrypted Volumes.
[[0;32m  OK  [0m] Started Set console font and keymap.
[[0;32m  OK  [0m] Started Tell Plymouth To Write Out Runtime Data.
[[0;32m  OK  [0m] Started Create Volatile Files and Directories.
         Starting Update UTMP about System Boot/Shutdown...
[[0;32m  OK  [0m] Started Update UTMP about System Boot/Shutdown.
[[0;32m  OK  [0m] Started Commit a transient machine-id on disk.
[[0;32m  OK  [0m] Started ebtables ruleset management.
[[0;32m  OK  [0m] Found device /dev/ttyS0.
[[0;32m  OK  [0m] Listening on Load/Save RF Kill Switch Status /dev/rfkill Watch.
[[0;32m  OK  [0m] Started AppArmor initialization.
         Starting Initial cloud-init job (pre-networking)...
[    9.747227] cloud-init[537]: Cloud-init v. 19.1-1-gbaa47854-0ubuntu1~18.04.1 running 'init-local' at Tue, 16 Jul 2019 06:40:38 +0000. Up 9.28 seconds.
[[0;32m  OK  [0m] Started Initial cloud-init job (pre-networking).
[[0;32m  OK  [0m] Reached target Network (Pre).
         Starting Network Service...
[[0;32m  OK  [0m] Started Network Service.
         Starting Network Name Resolution...
         Starting Wait for Network to be Configured...
[[0;32m  OK  [0m] Started Network Name Resolution.
[[0;32m  OK  [0m] Reached target Host and Network Name Lookups.
[[0;32m  OK  [0m] Reached target Network.
[[0;32m  OK  [0m] Started Wait for Network to be Configured.
         Starting Initial cloud-init job (metadata service crawler)...
[   12.241805] cloud-init[655]: Cloud-init v. 19.1-1-gbaa47854-0ubuntu1~18.04.1 running 'init' at Tue, 16 Jul 2019 06:40:41 +0000. Up 11.99 seconds.
[   12.243491] cloud-init[655]: ci-info: ++++++++++++++++++++++++++++++++++++++Net device info+++++++++++++++++++++++++++++++++++++++
[   12.244907] cloud-init[655]: ci-info: +--------+-------+----------------------------+---------------+--------+-------------------+
[   12.246373] cloud-init[655]: ci-info: | Device |   Up  |          Address           |      Mask     | Scope  |     Hw-Address    |
[   12.247747] cloud-init[655]: ci-info: +--------+-------+----------------------------+---------------+--------+-------------------+
[   12.249259] cloud-init[655]: ci-info: | enp0s3 |  True |         10.0.2.15          | 255.255.255.0 | global | 02:26:45:5c:bc:af |
[   12.250819] cloud-init[655]: ci-info: | enp0s3 |  True | fe80::26:45ff:fe5c:bcaf/64 |       .       |  link  | 02:26:45:5c:bc:af |
[   12.252251] cloud-init[655]: ci-info: | enp0s8 | False |             .              |       .       |   .    | 08:00:27:b6:68:84 |
[   12.253854] cloud-init[655]: ci-info: |   lo   |  True |         127.0.0.1          |   255.0.0.0   |  host  |         .         |
[   12.255617] cloud-init[655]: ci-info: |   lo   |  True |          ::1/128           |       .       |  host  |         .         |
[   12.257520] cloud-init[655]: ci-info: +--------+-------+----------------------------+---------------+--------+-------------------+
[   12.259159] cloud-init[655]: ci-info: ++++++++++++++++++++++++++++Route IPv4 info+++++++++++++++++++++++++++++
[   12.260426] cloud-init[655]: ci-info: +-------+-------------+----------+-----------------+-----------+-------+
[   12.272464] cloud-init[655]: ci-info: | Route | Destination | Gateway  |     Genmask     | Interface | Flags |
[   12.273978] cloud-init[655]: ci-info: +-------+-------------+----------+-----------------+-----------+-------+
[   12.275623] cloud-init[655]: ci-info: |   0   |   0.0.0.0   | 10.0.2.2 |     0.0.0.0     |   enp0s3  |   UG  |
[   12.277022] cloud-init[655]: ci-info: |   1   |   10.0.2.0  | 0.0.0.0  |  255.255.255.0  |   enp0s3  |   U   |
[   12.288615] cloud-init[655]: ci-info: |   2   |   10.0.2.2  | 0.0.0.0  | 255.255.255.255 |   enp0s3  |   UH  |
[   12.289851] cloud-init[655]: ci-info: +-------+-------------+----------+-----------------+-----------+-------+
[   12.291231] cloud-init[655]: ci-info: +++++++++++++++++++Route IPv6 info+++++++++++++++++++
[   12.292404] cloud-init[655]: ci-info: +-------+-------------+---------+-----------+-------+
[   12.293398] cloud-init[655]: ci-info: | Route | Destination | Gateway | Interface | Flags |
[   12.294387] cloud-init[655]: ci-info: +-------+-------------+---------+-----------+-------+
[   12.295442] cloud-init[655]: ci-info: |   1   |  fe80::/64  |    ::   |   enp0s3  |   U   |
[   12.296464] cloud-init[655]: ci-info: |   3   |    local    |    ::   |   enp0s3  |   U   |
[   12.297594] cloud-init[655]: ci-info: |   4   |   ff00::/8  |    ::   |   enp0s3  |   U   |
[   12.298763] cloud-init[655]: ci-info: +-------+-------------+---------+-----------+-------+
[   13.047553] cloud-init[655]: Generating public/private rsa key pair.
[   13.048598] cloud-init[655]: Your identification has been saved in /etc/ssh/ssh_host_rsa_key.
[   13.049816] cloud-init[655]: Your public key has been saved in /etc/ssh/ssh_host_rsa_key.pub.
[   13.051065] cloud-init[655]: The key fingerprint is:
[   13.051821] cloud-init[655]: SHA256:D88sWb6r83zk9/NPhonzA/OivZ1gq1rjhI7ihgHXzwc root@ubuntu-bionic
[   13.052866] cloud-init[655]: The key's randomart image is:
[   13.053558] cloud-init[655]: +---[RSA 2048]----+
[   13.064216] cloud-init[655]: |                 |
[   13.064877] cloud-init[655]: |                 |
[   13.076444] cloud-init[655]: |   .             |
[   13.077114] cloud-init[655]: |. . . E          |
[   13.077825] cloud-init[655]: | o   o .S .      |
[   13.088185] cloud-init[655]: |  .   o .@  +. o |
[   13.096592] cloud-init[655]: |   o   .+ Xo=+o o|
[   13.097574] cloud-init[655]: |  . o  o.* =+*+= |
[   13.098380] cloud-init[655]: |   o... +=O=+++oB|
[   13.099188] cloud-init[655]: +----[SHA256]-----+
[   13.099857] cloud-init[655]: Generating public/private dsa key pair.
[   13.100767] cloud-init[655]: Your identification has been saved in /etc/ssh/ssh_host_dsa_key.
[   13.101934] cloud-init[655]: Your public key has been saved in /etc/ssh/ssh_host_dsa_key.pub.
[   13.103126] cloud-init[655]: The key fingerprint is:
[   13.103839] cloud-init[655]: SHA256:9fiY0ro3U0p69fpc8clHEUaRtt7rW3PRhPCNQd9qlCs root@ubuntu-bionic
[   13.105035] cloud-init[655]: The key's randomart image is:
[   13.105831] cloud-init[655]: +---[DSA 1024]----+
[   13.106477] cloud-init[655]: |            ..+=o|
[   13.107126] cloud-init[655]: |             o.Xo|
[   13.107899] cloud-init[655]: |          .   B.*|
[   13.108629] cloud-init[655]: |         . o . =o|
[   13.109412] cloud-init[655]: |        S . E =o+|
[   13.111066] cloud-init[655]: |         ..+oo.o*|
[   13.111710] cloud-init[655]: |        .o++.. +B|
[   13.112374] cloud-init[655]: |        .o*  ..o=|
[   13.113014] cloud-init[655]: |        o+ o.o+o.|
[   13.113661] cloud-init[655]: +----[SHA256]-----+
[   13.114408] cloud-init[655]: Generating public/private ecdsa key pair.
[   13.115299] cloud-init[655]: Your identification has been saved in /etc/ssh/ssh_host_ecdsa_key.
[   13.116457] cloud-init[655]: Your public key has been saved in /etc/ssh/ssh_host_ecdsa_key.pub.
[   13.117600] cloud-init[655]: The key fingerprint is:
[   13.128224] cloud-init[655]: SHA256:u+jxYH8UUg3pAvEnlfV6rO1Lplaiyht5bEYqBqVVIuk root@ubuntu-bionic
[   13.129329] cloud-init[655]: The key's randomart image is:
[   13.130169] cloud-init[655]: +---[ECDSA 256]---+
[   13.130855] cloud-init[655]: |    ..o.. o*.    |
[   13.131562] cloud-init[655]: |    ...+ .+ ..   |
[   13.132274] cloud-init[655]: |   .  o.oo.   .  |
[   13.132958] cloud-init[655]: |    E+  ooo  o   |
[   13.133633] cloud-init[655]: |    o   So... o  |
[   13.134350] cloud-init[655]: |     .   *. .+.  |
[   13.144288] cloud-init[655]: |      * =.=..o+  |
[[0;32m  OK  [0m] Started Initial cloud-init job (metadata service crawler).
[[0;32m  OK  [0m] Reached target Network is Online.
[   13.162989] cloud-init[[0;32m  OK  [0m] Reached target Remote File Systems (Pre).
[[0;32m  OK  [0m] Reached target Remote File Systems.
[655]: |     o O *o .=   |         Starting Availability of block devices...
[[0;32m  OK  [0m] Reached target Cloud-config availability.
[[0;32m  OK  [0m] Reached target System Initialization.
[[0;32m  OK  [0m] Started Message of the Day.
[[0;32m  OK  [0m] Started Daily Cleanup of Temporary Directories.
[[0;32m  OK  [0m] Listening on D-Bus System Message Bus Socket.

[   13.171458]          Starting Socket activation for snappy daemon.
         Starting LXD - unix socket.
[[0;32m  OK  [0m] Started Discard unused blocks once a week.
[[0;32m  OK  [0m] Listening on ACPID Listen Socket.
[[0;32m  OK  [0m] Started Daily apt download activities.
[[0;32m  OK  [0m] Started Daily apt upgrade and clean activities.
[cloud-init[655]: |     .o B+ .. o. |
[   13.177922] cloud-init[655]: +----[SHA256]-----+
[0;32m  OK  [0m] Reached target Timers.
[   13.179327] cloud-init[[0;32m  OK  [0m] Started ACPI Events Check.
[[0;32m  OK  [0m] Reached target Paths.
[[0;32m  OK  [0m] Listening on UUID daemon activation socket.
[[0;32m  OK  [0m] Listening on Open-iSCSI iscsid Socket.
[[0;32m  OK  [0m] Listening on Socket activation for snappy daemon.
[[0;32m  OK  [0m] Listening on LXD - unix socket.
[[0;32m  OK  [0m] Reached target Sockets.
[[0;32m  OK  [0m] Reached target Basic System.
[655]: Generating public/private ed25519 key pair.
[   13.188585] cloud-init         Starting Pollinate to seed the pseudo random number generator...
[655]: Your identification has been saved in /etc/ssh/ssh_host_ed25519_key.
[[0;32m  OK  [0m] Started irqbalance daemon.
         Starting LSB: Record successful boot for GRUB...
[   13.194773] cloud-init[655]: Your public key has been saved in /etc/ssh/ssh_host_ed25519_key.pub.
[   13.196783] [[0;32m  OK  [0m] Started D-Bus System Message Bus.
cloud-init[655]: The key fingerprint is:
[   13.202129] cloud-init[655]: SHA256:RG5AkulW4QtfYCCmSSKzFJ6a/Rwc1CXVD3vKyc/Hmrk root@ubuntu-bionic
[   13.204420] cloud-init[655]: The key's randomart image is:
[   13.205519] cloud-init[655]: +--[ED25519 256]--+
[   13.206814] cloud-init[655]: |+++ +*B++.       |
[   13.207696] cloud-init[655]: |**.oo+o*  o      |
[   13.208664] cloud-init[655]: |+o .o.. =  +     |
[   13.209544] cloud-init[655]: |.o .o+ =  . o    |
[   13.214476] cloud-init[655]: |o ..o o So +     |
[   13.217775] cloud-init[655]: |   o .    =      |
[   13.220203] cloud-init[655]: |    o      o .   |
[   13.222173] cloud-init[655]: |            ooo  |
[   13.223388] cloud-init[655]: |            E+   |
[   13.229247] cloud-init[655]: +----[SHA256]-----+
[[0;32m  OK  [0m] Started Regular background program processing daemon.
         Starting Dispatcher daemon for systemd-networkd...
[[0;32m  OK  [0m] Started Deferred execution scheduler.
         Starting Permit User Sessions...
[[0;32m  OK  [0m] Started FUSE filesystem for LXC.
         Starting System Logging Service...
         Starting Login Service...
         Starting Accounts Service...
         Starting LSB: automatic crash report generation...
         Starting LXD - container startup/shutdown...
         Starting Virtualbox guest utils...
         Starting Snappy daemon...
[[0;32m  OK  [0m] Started System Logging Service.
[[0;32m  OK  [0m] Started Availability of block devices.
[[0;32m  OK  [0m] Started Permit User Sessions.
         Starting Hold until boot process finishes up...
         Starting Terminate Plymouth Boot Screen...
[[0;32m  OK  [0m] Started Hold until boot process finishes up.
         Starting Set console scheme...
[[0;32m  OK  [0m] Started Serial Getty on ttyS0.
[[0;32m  OK  [0m] Started Terminate Plymouth Boot Screen.
[[0;32m  OK  [0m] Started Set console scheme.
[[0;32m  OK  [0m] Created slice system-getty.slice.
[[0;32m  OK  [0m] Started Getty on tty1.
[[0;32m  OK  [0m] Reached target Login Prompts.
         Starting Authorization Manager...
[[0;32m  OK  [0m] Started Login Service.
[[0;32m  OK  [0m] Started Unattended Upgrades Shutdown.
[[0;32m  OK  [0m] Started LSB: automatic crash report generation.
[[0;32m  OK  [0m] Started LSB: Record successful boot for GRUB.
[[0;32m  OK  [0m] Started Authorization Manager.
[[0;32m  OK  [0m] Started Accounts Service.
[[0;32m  OK  [0m] Started Virtualbox guest utils.
[[0;32m  OK  [0m] Started LXD - container startup/shutdown.
[[0;32m  OK  [0m] Started Dispatcher daemon for systemd-networkd.
[[0;32m  OK  [0m] Started Snappy daemon.
         Starting Wait until snapd is fully seeded...
[[0;32m  OK  [0m] Started Wait until snapd is fully seeded.
         Starting Apply the settings specified in cloud-config...
[   17.953033] cloud-init[1059]: Cloud-init v. 19.1-1-gbaa47854-0ubuntu1~18.04.1 running 'modules:config' at Tue, 16 Jul 2019 06:40:46 +0000. Up 17.28 seconds.
[[0;32m  OK  [0m] Started Apply the settings specified in cloud-config.

Ubuntu 18.04.2 LTS ubuntu-bionic ttyS0

ubuntu-bionic login: ci-info: no authorized ssh keys fingerprints found for user ubuntu.
<14>Jul 16 06:40:50 ec2: 
<14>Jul 16 06:40:50 ec2: #############################################################
<14>Jul 16 06:40:50 ec2: -----BEGIN SSH HOST KEY FINGERPRINTS-----
<14>Jul 16 06:40:50 ec2: 1024 SHA256:9fiY0ro3U0p69fpc8clHEUaRtt7rW3PRhPCNQd9qlCs root@ubuntu-bionic (DSA)
<14>Jul 16 06:40:50 ec2: 256 SHA256:u+jxYH8UUg3pAvEnlfV6rO1Lplaiyht5bEYqBqVVIuk root@ubuntu-bionic (ECDSA)
<14>Jul 16 06:40:50 ec2: 256 SHA256:RG5AkulW4QtfYCCmSSKzFJ6a/Rwc1CXVD3vKyc/Hmrk root@ubuntu-bionic (ED25519)
<14>Jul 16 06:40:50 ec2: 2048 SHA256:D88sWb6r83zk9/NPhonzA/OivZ1gq1rjhI7ihgHXzwc root@ubuntu-bionic (RSA)
<14>Jul 16 06:40:50 ec2: -----END SSH HOST KEY FINGERPRINTS-----
<14>Jul 16 06:40:50 ec2: #############################################################
-----BEGIN SSH HOST KEY KEYS-----
ecdsa-sha2-nistp256 AAAAE2VjZHNhLXNoYTItbmlzdHAyNTYAAAAIbmlzdHAyNTYAAABBBDaEQSOgswewOtkx+tuEZSqa4QV0CsTMRLl2BzuW1JE+2g6Oca3D/PelUsT3zmqdRb7ZL3HFRgYf/TbBxZAMqIc= root@ubuntu-bionic
ssh-ed25519 AAAAC3NzaC1lZDI1NTE5AAAAIFzXy1w8fQui7uouLTo8W9Ciq1S/ZxOEVrXtWSFASgj/ root@ubuntu-bionic
ssh-rsa AAAAB3NzaC1yc2EAAAADAQABAAABAQDa72dZjODUpCLVxXP4uX6+Tme31gYTTBlQi4WxiTx643M5bhS6INb3hGbIBP+xPTaiQkYasZu63vMV9WMDoEGblXrs/e6FBH0n3LYyHDsqBfDtNJLvRgbWXrmJTqE/GqES0LMrV6uubINsLaYT3teJDH4C7QTEz35jLj956iGmB2jTEF35RtawSKA63JZHz2/HMVCwrLunkTspOhiCyuLj8+5U3bCLVjqBiqCu3DQ0og0wi2c0DTjyC8JXjqUg5UQ/Z/3YenMkhnEAl0qveDg+g05uEOl4XXCJzl4B2plbp2xNHUIH30nv7AWvt5HDt43xo+lyAoxuc6sntsdxEdDX root@ubuntu-bionic
-----END SSH HOST KEY KEYS-----
[   21.272734] cloud-init[1170]: Cloud-init v. 19.1-1-gbaa47854-0ubuntu1~18.04.1 running 'modules:final' at Tue, 16 Jul 2019 06:40:50 +0000. Up 21.06 seconds.
[   21.273318] cloud-init[1170]: ci-info: no authorized ssh keys fingerprints found for user ubuntu.
[   21.273799] cloud-init[1170]: Cloud-init v. 19.1-1-gbaa47854-0ubuntu1~18.04.1 finished at Tue, 16 Jul 2019 06:40:50 +0000. Datasource DataSourceNoCloud [seed=/dev/sdb][dsmode=net].  Up 21.26 seconds
